<?xml version="1.0" encoding="UTF-8"?>
<!-- Generated by org.testng.reporters.JUnitReportReporter -->
<testsuite ignored="0" hostname="SL-2037" failures="0" tests="1" name="com.bb.BBTest" time="49.656" errors="0" timestamp="11 Feb 2025 17:21:54 GMT" skipped="0">
  <testcase classname="com.bb.BBTest" name="BBPageTitle" time="49.656"/>
</testsuite> <!-- com.bb.BBTest -->
