<?xml version="1.0" encoding="UTF-8"?>
<!-- Generated by org.testng.reporters.JUnitReportReporter -->
<testsuite ignored="0" hostname="SL-2037" failures="0" tests="1" name="com.saif.SAIFTest" time="26.205" errors="0" timestamp="28 Mar 2025 11:14:00 GMT" skipped="0">
  <testcase classname="com.saif.SAIFTest" name="SAIFPageTitle" time="26.205"/>
</testsuite> <!-- com.saif.SAIFTest -->
