<?xml version="1.0" encoding="UTF-8"?>
<!-- Generated by org.testng.reporters.JUnitReportReporter -->
<testsuite ignored="0" hostname="SL-2037" failures="0" tests="1" name="com.cantire.CanTireTest" time="51.622" errors="0" timestamp="15 Jul 2025 12:44:11 GMT" skipped="0">
  <testcase classname="com.cantire.CanTireTest" name="CanTirePageTitle" time="51.622"/>
</testsuite> <!-- com.cantire.CanTireTest -->
