<?xml version="1.0" encoding="UTF-8"?>
<!-- Generated by org.testng.reporters.JUnitReportReporter -->
<testsuite ignored="0" hostname="SL-2037" failures="0" tests="1" name="com.meijer.MeijerTest" time="44.843" errors="0" timestamp="17 Jul 2025 14:04:19 GMT" skipped="0">
  <testcase classname="com.meijer.MeijerTest" name="MeijerPageTitle" time="44.843"/>
</testsuite> <!-- com.meijer.MeijerTest -->
