<?xml version="1.0" encoding="UTF-8"?>
<!-- Generated by org.testng.reporters.JUnitReportReporter -->
<testsuite ignored="0" hostname="SL-2037" failures="0" tests="1" name="com.starbucks.StarbucksTest" time="43.866" errors="0" timestamp="28 Jul 2025 14:08:28 GMT" skipped="0">
  <testcase classname="com.starbucks.StarbucksTest" name="LandingPageTitle" time="43.866"/>
</testsuite> <!-- com.starbucks.StarbucksTest -->
